<?xml version="1.0" encoding="UTF-8"?>
<!-- Generated by org.testng.reporters.JUnitReportReporter -->
<testsuite hostname="admin-PC" name="gitTest.GitTest" tests="1" failures="0" timestamp="23 Jul 2019 04:00:55 GMT" time="41.197" errors="0">
  <testcase name="bing" time="41.197" classname="gitTest.GitTest"/>
</testsuite> <!-- gitTest.GitTest -->
